{"C:\\Users\\Simon\\git\\joex\\index.js":{"path":"C:\\Users\\Simon\\git\\joex\\index.js","s":{"1":1,"2":1,"3":1,"4":9,"5":1,"6":15,"7":15,"8":0,"9":15,"10":1,"11":14,"12":14,"13":29,"14":29,"15":0,"16":29,"17":29,"18":87,"19":87,"20":57,"21":57,"22":57,"23":57,"24":57,"25":30,"26":14,"27":14,"28":57,"29":27,"30":14,"31":1,"32":0,"33":0,"34":1,"35":0,"36":0,"37":0,"38":0,"39":0,"40":0,"41":0,"42":0,"43":0,"44":0,"45":0,"46":0,"47":1,"48":1,"49":1,"50":1,"51":1,"52":1,"53":0,"54":1,"55":3,"56":2,"57":2,"58":1,"59":1,"60":1,"61":1,"62":1,"63":0,"64":1,"65":1,"66":1,"67":1,"68":0,"69":1,"70":0,"71":1,"72":1,"73":2,"74":1,"75":1,"76":1,"77":2,"78":4,"79":1,"80":0,"81":0,"82":1,"83":4,"84":4,"85":9,"86":3,"87":6,"88":2,"89":4,"90":1,"91":4,"92":4,"93":9,"94":3,"95":6,"96":6,"97":4,"98":1,"99":0,"100":0,"101":0,"102":0,"103":0,"104":0,"105":0,"106":0,"107":0,"108":0,"109":1,"110":7,"111":15,"112":7,"113":18,"114":18,"115":16,"116":16,"117":6,"118":10,"119":2,"120":1,"121":7,"122":1,"123":0,"124":1,"125":1,"126":18,"127":18,"128":54,"129":54,"130":18,"131":1,"132":1,"133":1,"134":0,"135":0,"136":0,"137":0,"138":0,"139":0,"140":1,"141":0,"142":0,"143":0,"144":0,"145":0,"146":0,"147":1,"148":0,"149":0,"150":1,"151":2,"152":2,"153":1,"154":2,"155":2,"156":1,"157":5,"158":5,"159":1,"160":0,"161":1,"162":2,"163":1,"164":1,"165":1,"166":1,"167":1,"168":1,"169":1,"170":0,"171":1,"172":1,"173":1,"174":0,"175":1,"176":0,"177":1,"178":1,"179":1,"180":1,"181":2,"182":1,"183":0,"184":1,"185":2,"186":1,"187":0,"188":1,"189":0,"190":1,"191":0,"192":1,"193":0,"194":1,"195":2,"196":1,"197":1,"198":4,"199":4,"200":25,"201":25,"202":4,"203":1,"204":1,"205":1,"206":0,"207":1,"208":2,"209":1,"210":0,"211":1,"212":0,"213":1,"214":1,"215":1,"216":0,"217":1,"218":0,"219":1,"220":0,"221":1,"222":0,"223":1,"224":0,"225":1,"226":4,"227":4,"228":1,"229":1,"230":1,"231":1,"232":1,"233":1,"234":1,"235":1,"236":0,"237":1,"238":2,"239":1,"240":0,"241":1,"242":0,"243":1,"244":0,"245":1,"246":0,"247":1,"248":1,"249":1,"250":4,"251":4,"252":1,"253":1,"254":1,"255":1,"256":16,"257":16,"258":16,"259":16,"260":16,"261":16,"262":16,"263":16,"264":16,"265":16,"266":16,"267":16,"268":16,"269":16,"270":16,"271":16,"272":1,"273":1,"274":1,"275":0,"276":0,"277":1,"278":1,"279":1,"280":1,"281":1,"282":1,"283":1,"284":1,"285":1,"286":1,"287":1,"288":1,"289":1,"290":1,"291":1,"292":1,"293":1,"294":1,"295":1,"296":1,"297":1,"298":1,"299":1,"300":1,"301":1,"302":0,"303":1,"304":0,"305":1,"306":8,"307":1,"308":0,"309":1,"310":0,"311":1,"312":0,"313":1,"314":0,"315":1,"316":0,"317":1,"318":1,"319":1,"320":1,"321":1,"322":1,"323":1,"324":0,"325":0,"326":0,"327":1,"328":1,"329":1,"330":1,"331":1,"332":1,"333":1,"334":1,"335":1,"336":1,"337":0,"338":0,"339":0,"340":0,"341":0,"342":0,"343":0,"344":0,"345":0},"b":{"1":[0,15],"2":[1,14],"3":[0,29],"4":[57,30],"5":[27,30],"6":[0,0],"7":[0,0],"8":[0,0],"9":[0,0],"10":[1,0],"11":[2,1],"12":[1,0],"13":[1,0],"14":[1,0],"15":[2,2,2],"16":[0,0,0],"17":[3,6],"18":[2,4],"19":[3,6],"20":[6,0],"21":[0,0],"22":[0,0],"23":[0,0],"24":[0,0],"25":[0,0],"26":[1,6],"27":[0,1],"28":[14,1],"29":[15,3],"30":[2,1],"31":[16,2],"32":[6,10],"33":[1,1],"34":[1,6],"35":[0,0],"36":[0,0],"37":[0,0],"38":[0,0],"39":[0,0],"40":[1,1],"41":[1,1],"42":[1,4],"43":[5,5],"44":[2,2,2],"45":[1,1,1],"46":[4,21],"47":[4,2,2,1],"48":[4,2,2,1],"49":[12,4],"50":[10,6],"51":[8,8],"52":[6,10],"53":[4,12],"54":[2,14],"55":[1,0],"56":[0,0],"57":[0,0],"58":[1,0],"59":[1,1],"60":[0,0],"61":[0,0]},"f":{"1":1,"2":9,"3":15,"4":0,"5":0,"6":1,"7":1,"8":3,"9":1,"10":1,"11":0,"12":2,"13":1,"14":2,"15":4,"16":0,"17":0,"18":4,"19":9,"20":4,"21":9,"22":0,"23":0,"24":0,"25":7,"26":15,"27":18,"28":0,"29":0,"30":18,"31":1,"32":0,"33":0,"34":0,"35":2,"36":2,"37":5,"38":0,"39":2,"40":1,"41":1,"42":1,"43":0,"44":1,"45":0,"46":0,"47":0,"48":1,"49":2,"50":0,"51":2,"52":0,"53":0,"54":0,"55":0,"56":2,"57":4,"58":25,"59":25,"60":1,"61":0,"62":2,"63":0,"64":0,"65":1,"66":0,"67":0,"68":0,"69":0,"70":0,"71":4,"72":1,"73":1,"74":1,"75":0,"76":2,"77":0,"78":0,"79":0,"80":0,"81":1,"82":4,"83":1,"84":16,"85":1,"86":0,"87":0,"88":1,"89":1,"90":1,"91":1,"92":1,"93":1,"94":1,"95":1,"96":1,"97":1,"98":1,"99":1,"100":1,"101":1,"102":1,"103":1,"104":0,"105":0,"106":8,"107":0,"108":0,"109":0,"110":0,"111":0,"112":1,"113":1,"114":1,"115":1,"116":0},"fnMap":{"1":{"name":"(anonymous_1)","line":1,"loc":{"start":{"line":1,"column":1},"end":{"line":1,"column":12}}},"2":{"name":"eq","line":5,"loc":{"start":{"line":5,"column":1},"end":{"line":5,"column":18}}},"3":{"name":"intersection","line":12,"loc":{"start":{"line":12,"column":1},"end":{"line":12,"column":30}}},"4":{"name":"crossproduct","line":68,"loc":{"start":{"line":68,"column":1},"end":{"line":68,"column":35}}},"5":{"name":"addTo","line":71,"loc":{"start":{"line":71,"column":3},"end":{"line":71,"column":31}}},"6":{"name":"(anonymous_6)","line":92,"loc":{"start":{"line":92,"column":16},"end":{"line":92,"column":27}}},"7":{"name":"(anonymous_7)","line":94,"loc":{"start":{"line":94,"column":41},"end":{"line":94,"column":52}}},"8":{"name":"(anonymous_8)","line":101,"loc":{"start":{"line":101,"column":39},"end":{"line":101,"column":50}}},"9":{"name":"(anonymous_9)","line":108,"loc":{"start":{"line":108,"column":37},"end":{"line":108,"column":48}}},"10":{"name":"(anonymous_10)","line":115,"loc":{"start":{"line":115,"column":39},"end":{"line":115,"column":50}}},"11":{"name":"(anonymous_11)","line":122,"loc":{"start":{"line":122,"column":41},"end":{"line":122,"column":56}}},"12":{"name":"(anonymous_12)","line":126,"loc":{"start":{"line":126,"column":38},"end":{"line":126,"column":53}}},"13":{"name":"(anonymous_13)","line":128,"loc":{"start":{"line":128,"column":37},"end":{"line":128,"column":52}}},"14":{"name":"(anonymous_14)","line":131,"loc":{"start":{"line":131,"column":31},"end":{"line":131,"column":47}}},"15":{"name":"(anonymous_15)","line":132,"loc":{"start":{"line":132,"column":77},"end":{"line":132,"column":94}}},"16":{"name":"(anonymous_16)","line":134,"loc":{"start":{"line":134,"column":32},"end":{"line":134,"column":48}}},"17":{"name":"(anonymous_17)","line":135,"loc":{"start":{"line":135,"column":79},"end":{"line":135,"column":96}}},"18":{"name":"(anonymous_18)","line":137,"loc":{"start":{"line":137,"column":32},"end":{"line":137,"column":43}}},"19":{"name":"(anonymous_19)","line":139,"loc":{"start":{"line":139,"column":16},"end":{"line":139,"column":31}}},"20":{"name":"(anonymous_20)","line":148,"loc":{"start":{"line":148,"column":32},"end":{"line":148,"column":43}}},"21":{"name":"(anonymous_21)","line":150,"loc":{"start":{"line":150,"column":16},"end":{"line":150,"column":31}}},"22":{"name":"(anonymous_22)","line":159,"loc":{"start":{"line":159,"column":32},"end":{"line":159,"column":49}}},"23":{"name":"(anonymous_23)","line":161,"loc":{"start":{"line":161,"column":31},"end":{"line":161,"column":46}}},"24":{"name":"(anonymous_24)","line":162,"loc":{"start":{"line":162,"column":16},"end":{"line":162,"column":31}}},"25":{"name":"(anonymous_25)","line":174,"loc":{"start":{"line":174,"column":32},"end":{"line":174,"column":46}}},"26":{"name":"(anonymous_26)","line":175,"loc":{"start":{"line":175,"column":75},"end":{"line":175,"column":90}}},"27":{"name":"(anonymous_27)","line":176,"loc":{"start":{"line":176,"column":16},"end":{"line":176,"column":31}}},"28":{"name":"(anonymous_28)","line":191,"loc":{"start":{"line":191,"column":95},"end":{"line":191,"column":106}}},"29":{"name":"(anonymous_29)","line":191,"loc":{"start":{"line":191,"column":134},"end":{"line":191,"column":145}}},"30":{"name":"toArray","line":194,"loc":{"start":{"line":194,"column":1},"end":{"line":194,"column":26}}},"31":{"name":"(anonymous_31)","line":203,"loc":{"start":{"line":203,"column":14},"end":{"line":203,"column":25}}},"32":{"name":"(anonymous_32)","line":205,"loc":{"start":{"line":205,"column":32},"end":{"line":205,"column":52}}},"33":{"name":"(anonymous_33)","line":215,"loc":{"start":{"line":215,"column":31},"end":{"line":215,"column":51}}},"34":{"name":"(anonymous_34)","line":225,"loc":{"start":{"line":225,"column":39},"end":{"line":225,"column":58}}},"35":{"name":"(anonymous_35)","line":229,"loc":{"start":{"line":229,"column":37},"end":{"line":229,"column":56}}},"36":{"name":"(anonymous_36)","line":233,"loc":{"start":{"line":233,"column":35},"end":{"line":233,"column":54}}},"37":{"name":"(anonymous_37)","line":237,"loc":{"start":{"line":237,"column":37},"end":{"line":237,"column":56}}},"38":{"name":"(anonymous_38)","line":241,"loc":{"start":{"line":241,"column":39},"end":{"line":241,"column":63}}},"39":{"name":"(anonymous_39)","line":244,"loc":{"start":{"line":244,"column":29},"end":{"line":244,"column":43}}},"40":{"name":"(anonymous_40)","line":247,"loc":{"start":{"line":247,"column":30},"end":{"line":247,"column":44}}},"41":{"name":"(anonymous_41)","line":250,"loc":{"start":{"line":250,"column":30},"end":{"line":250,"column":41}}},"42":{"name":"(anonymous_42)","line":253,"loc":{"start":{"line":253,"column":30},"end":{"line":253,"column":41}}},"43":{"name":"(anonymous_43)","line":256,"loc":{"start":{"line":256,"column":30},"end":{"line":256,"column":41}}},"44":{"name":"(anonymous_44)","line":259,"loc":{"start":{"line":259,"column":29},"end":{"line":259,"column":40}}},"45":{"name":"(anonymous_45)","line":262,"loc":{"start":{"line":262,"column":33},"end":{"line":262,"column":44}}},"46":{"name":"(anonymous_46)","line":265,"loc":{"start":{"line":265,"column":93},"end":{"line":265,"column":104}}},"47":{"name":"(anonymous_47)","line":265,"loc":{"start":{"line":265,"column":130},"end":{"line":265,"column":141}}},"48":{"name":"(anonymous_48)","line":269,"loc":{"start":{"line":269,"column":18},"end":{"line":269,"column":29}}},"49":{"name":"(anonymous_49)","line":271,"loc":{"start":{"line":271,"column":33},"end":{"line":271,"column":49}}},"50":{"name":"(anonymous_50)","line":274,"loc":{"start":{"line":274,"column":34},"end":{"line":274,"column":50}}},"51":{"name":"(anonymous_51)","line":277,"loc":{"start":{"line":277,"column":33},"end":{"line":277,"column":49}}},"52":{"name":"(anonymous_52)","line":280,"loc":{"start":{"line":280,"column":34},"end":{"line":280,"column":50}}},"53":{"name":"(anonymous_53)","line":283,"loc":{"start":{"line":283,"column":34},"end":{"line":283,"column":50}}},"54":{"name":"(anonymous_54)","line":286,"loc":{"start":{"line":286,"column":35},"end":{"line":286,"column":51}}},"55":{"name":"(anonymous_55)","line":289,"loc":{"start":{"line":289,"column":34},"end":{"line":289,"column":50}}},"56":{"name":"(anonymous_56)","line":292,"loc":{"start":{"line":292,"column":33},"end":{"line":292,"column":49}}},"57":{"name":"soundex","line":300,"loc":{"start":{"line":300,"column":1},"end":{"line":300,"column":21}}},"58":{"name":"(anonymous_58)","line":316,"loc":{"start":{"line":316,"column":11},"end":{"line":316,"column":24}}},"59":{"name":"(anonymous_59)","line":317,"loc":{"start":{"line":317,"column":14},"end":{"line":317,"column":33}}},"60":{"name":"(anonymous_60)","line":325,"loc":{"start":{"line":325,"column":17},"end":{"line":325,"column":28}}},"61":{"name":"(anonymous_61)","line":327,"loc":{"start":{"line":327,"column":37},"end":{"line":327,"column":48}}},"62":{"name":"(anonymous_62)","line":330,"loc":{"start":{"line":330,"column":36},"end":{"line":330,"column":53}}},"63":{"name":"(anonymous_63)","line":333,"loc":{"start":{"line":333,"column":32},"end":{"line":333,"column":48}}},"64":{"name":"(anonymous_64)","line":336,"loc":{"start":{"line":336,"column":33},"end":{"line":336,"column":49}}},"65":{"name":"(anonymous_65)","line":339,"loc":{"start":{"line":339,"column":32},"end":{"line":339,"column":48}}},"66":{"name":"(anonymous_66)","line":342,"loc":{"start":{"line":342,"column":33},"end":{"line":342,"column":49}}},"67":{"name":"(anonymous_67)","line":345,"loc":{"start":{"line":345,"column":33},"end":{"line":345,"column":49}}},"68":{"name":"(anonymous_68)","line":348,"loc":{"start":{"line":348,"column":34},"end":{"line":348,"column":50}}},"69":{"name":"(anonymous_69)","line":351,"loc":{"start":{"line":351,"column":33},"end":{"line":351,"column":49}}},"70":{"name":"(anonymous_70)","line":354,"loc":{"start":{"line":354,"column":32},"end":{"line":354,"column":48}}},"71":{"name":"(anonymous_71)","line":357,"loc":{"start":{"line":357,"column":37},"end":{"line":357,"column":51}}},"72":{"name":"(anonymous_72)","line":361,"loc":{"start":{"line":361,"column":37},"end":{"line":361,"column":51}}},"73":{"name":"(anonymous_73)","line":367,"loc":{"start":{"line":367,"column":17},"end":{"line":367,"column":28}}},"74":{"name":"(anonymous_74)","line":369,"loc":{"start":{"line":369,"column":32},"end":{"line":369,"column":48}}},"75":{"name":"(anonymous_75)","line":372,"loc":{"start":{"line":372,"column":33},"end":{"line":372,"column":49}}},"76":{"name":"(anonymous_76)","line":375,"loc":{"start":{"line":375,"column":32},"end":{"line":375,"column":48}}},"77":{"name":"(anonymous_77)","line":378,"loc":{"start":{"line":378,"column":33},"end":{"line":378,"column":49}}},"78":{"name":"(anonymous_78)","line":381,"loc":{"start":{"line":381,"column":33},"end":{"line":381,"column":49}}},"79":{"name":"(anonymous_79)","line":384,"loc":{"start":{"line":384,"column":34},"end":{"line":384,"column":50}}},"80":{"name":"(anonymous_80)","line":387,"loc":{"start":{"line":387,"column":33},"end":{"line":387,"column":49}}},"81":{"name":"(anonymous_81)","line":390,"loc":{"start":{"line":390,"column":32},"end":{"line":390,"column":48}}},"82":{"name":"(anonymous_82)","line":393,"loc":{"start":{"line":393,"column":37},"end":{"line":393,"column":51}}},"83":{"name":"(anonymous_83)","line":397,"loc":{"start":{"line":397,"column":37},"end":{"line":397,"column":51}}},"84":{"name":"toPrecision","line":403,"loc":{"start":{"line":403,"column":1},"end":{"line":403,"column":46}}},"85":{"name":"(anonymous_85)","line":421,"loc":{"start":{"line":421,"column":15},"end":{"line":421,"column":26}}},"86":{"name":"(anonymous_86)","line":423,"loc":{"start":{"line":423,"column":93},"end":{"line":423,"column":109}}},"87":{"name":"(anonymous_87)","line":423,"loc":{"start":{"line":423,"column":138},"end":{"line":423,"column":149}}},"88":{"name":"(anonymous_88)","line":424,"loc":{"start":{"line":424,"column":93},"end":{"line":424,"column":109}}},"89":{"name":"(anonymous_89)","line":424,"loc":{"start":{"line":424,"column":149},"end":{"line":424,"column":160}}},"90":{"name":"(anonymous_90)","line":425,"loc":{"start":{"line":425,"column":97},"end":{"line":425,"column":113}}},"91":{"name":"(anonymous_91)","line":425,"loc":{"start":{"line":425,"column":153},"end":{"line":425,"column":164}}},"92":{"name":"(anonymous_92)","line":426,"loc":{"start":{"line":426,"column":94},"end":{"line":426,"column":110}}},"93":{"name":"(anonymous_93)","line":426,"loc":{"start":{"line":426,"column":140},"end":{"line":426,"column":151}}},"94":{"name":"(anonymous_94)","line":427,"loc":{"start":{"line":427,"column":99},"end":{"line":427,"column":115}}},"95":{"name":"(anonymous_95)","line":427,"loc":{"start":{"line":427,"column":144},"end":{"line":427,"column":155}}},"96":{"name":"(anonymous_96)","line":428,"loc":{"start":{"line":428,"column":94},"end":{"line":428,"column":110}}},"97":{"name":"(anonymous_97)","line":428,"loc":{"start":{"line":428,"column":140},"end":{"line":428,"column":151}}},"98":{"name":"(anonymous_98)","line":429,"loc":{"start":{"line":429,"column":96},"end":{"line":429,"column":112}}},"99":{"name":"(anonymous_99)","line":429,"loc":{"start":{"line":429,"column":144},"end":{"line":429,"column":155}}},"100":{"name":"(anonymous_100)","line":430,"loc":{"start":{"line":430,"column":96},"end":{"line":430,"column":112}}},"101":{"name":"(anonymous_101)","line":430,"loc":{"start":{"line":430,"column":144},"end":{"line":430,"column":155}}},"102":{"name":"(anonymous_102)","line":431,"loc":{"start":{"line":431,"column":101},"end":{"line":431,"column":117}}},"103":{"name":"(anonymous_103)","line":431,"loc":{"start":{"line":431,"column":154},"end":{"line":431,"column":165}}},"104":{"name":"(anonymous_104)","line":432,"loc":{"start":{"line":432,"column":30},"end":{"line":432,"column":56}}},"105":{"name":"(anonymous_105)","line":435,"loc":{"start":{"line":435,"column":31},"end":{"line":435,"column":57}}},"106":{"name":"(anonymous_106)","line":438,"loc":{"start":{"line":438,"column":30},"end":{"line":438,"column":56}}},"107":{"name":"(anonymous_107)","line":441,"loc":{"start":{"line":441,"column":31},"end":{"line":441,"column":47}}},"108":{"name":"(anonymous_108)","line":444,"loc":{"start":{"line":444,"column":31},"end":{"line":444,"column":57}}},"109":{"name":"(anonymous_109)","line":447,"loc":{"start":{"line":447,"column":32},"end":{"line":447,"column":48}}},"110":{"name":"(anonymous_110)","line":450,"loc":{"start":{"line":450,"column":31},"end":{"line":450,"column":57}}},"111":{"name":"(anonymous_111)","line":453,"loc":{"start":{"line":453,"column":30},"end":{"line":453,"column":56}}},"112":{"name":"(anonymous_112)","line":458,"loc":{"start":{"line":458,"column":28},"end":{"line":459,"column":2}}},"113":{"name":"(anonymous_113)","line":462,"loc":{"start":{"line":462,"column":38},"end":{"line":463,"column":2}}},"114":{"name":"(anonymous_114)","line":466,"loc":{"start":{"line":466,"column":35},"end":{"line":467,"column":2}}},"115":{"name":"(anonymous_115)","line":476,"loc":{"start":{"line":476,"column":45},"end":{"line":477,"column":2}}},"116":{"name":"(anonymous_116)","line":494,"loc":{"start":{"line":494,"column":9},"end":{"line":494,"column":20}}}},"statementMap":{"1":{"start":{"line":1,"column":0},"end":{"line":503,"column":14}},"2":{"start":{"line":3,"column":1},"end":{"line":3,"column":20}},"3":{"start":{"line":5,"column":1},"end":{"line":7,"column":2}},"4":{"start":{"line":6,"column":2},"end":{"line":6,"column":14}},"5":{"start":{"line":12,"column":1},"end":{"line":66,"column":2}},"6":{"start":{"line":13,"column":3},"end":{"line":13,"column":33}},"7":{"start":{"line":15,"column":3},"end":{"line":17,"column":4}},"8":{"start":{"line":16,"column":4},"end":{"line":16,"column":14}},"9":{"start":{"line":18,"column":3},"end":{"line":20,"column":4}},"10":{"start":{"line":19,"column":4},"end":{"line":19,"column":25}},"11":{"start":{"line":22,"column":3},"end":{"line":27,"column":23}},"12":{"start":{"line":29,"column":3},"end":{"line":54,"column":28}},"13":{"start":{"line":30,"column":4},"end":{"line":33,"column":14}},"14":{"start":{"line":35,"column":4},"end":{"line":37,"column":5}},"15":{"start":{"line":36,"column":5},"end":{"line":36,"column":15}},"16":{"start":{"line":39,"column":4},"end":{"line":39,"column":16}},"17":{"start":{"line":40,"column":4},"end":{"line":53,"column":24}},"18":{"start":{"line":41,"column":5},"end":{"line":42,"column":31}},"19":{"start":{"line":44,"column":5},"end":{"line":52,"column":6}},"20":{"start":{"line":45,"column":6},"end":{"line":45,"column":14}},"21":{"start":{"line":46,"column":6},"end":{"line":46,"column":27}},"22":{"start":{"line":47,"column":6},"end":{"line":47,"column":29}},"23":{"start":{"line":48,"column":6},"end":{"line":48,"column":27}},"24":{"start":{"line":49,"column":6},"end":{"line":49,"column":25}},"25":{"start":{"line":51,"column":6},"end":{"line":51,"column":26}},"26":{"start":{"line":56,"column":4},"end":{"line":57,"column":10}},"27":{"start":{"line":59,"column":3},"end":{"line":63,"column":25}},"28":{"start":{"line":60,"column":4},"end":{"line":62,"column":5}},"29":{"start":{"line":61,"column":5},"end":{"line":61,"column":38}},"30":{"start":{"line":65,"column":4},"end":{"line":65,"column":18}},"31":{"start":{"line":68,"column":1},"end":{"line":91,"column":2}},"32":{"start":{"line":69,"column":3},"end":{"line":69,"column":31}},"33":{"start":{"line":70,"column":3},"end":{"line":70,"column":18}},"34":{"start":{"line":71,"column":3},"end":{"line":84,"column":4}},"35":{"start":{"line":72,"column":5},"end":{"line":72,"column":54}},"36":{"start":{"line":73,"column":5},"end":{"line":83,"column":6}},"37":{"start":{"line":74,"column":7},"end":{"line":74,"column":31}},"38":{"start":{"line":75,"column":7},"end":{"line":75,"column":26}},"39":{"start":{"line":76,"column":7},"end":{"line":82,"column":8}},"40":{"start":{"line":77,"column":8},"end":{"line":79,"column":9}},"41":{"start":{"line":78,"column":10},"end":{"line":78,"column":28}},"42":{"start":{"line":81,"column":9},"end":{"line":81,"column":31}},"43":{"start":{"line":85,"column":3},"end":{"line":89,"column":4}},"44":{"start":{"line":86,"column":5},"end":{"line":86,"column":17}},"45":{"start":{"line":88,"column":5},"end":{"line":88,"column":20}},"46":{"start":{"line":90,"column":3},"end":{"line":90,"column":16}},"47":{"start":{"line":92,"column":1},"end":{"line":193,"column":2}},"48":{"start":{"line":93,"column":2},"end":{"line":93,"column":28}},"49":{"start":{"line":94,"column":2},"end":{"line":100,"column":3}},"50":{"start":{"line":95,"column":3},"end":{"line":98,"column":4}},"51":{"start":{"line":96,"column":4},"end":{"line":96,"column":79}},"52":{"start":{"line":97,"column":4},"end":{"line":97,"column":41}},"53":{"start":{"line":99,"column":3},"end":{"line":99,"column":29}},"54":{"start":{"line":101,"column":2},"end":{"line":107,"column":3}},"55":{"start":{"line":102,"column":3},"end":{"line":105,"column":4}},"56":{"start":{"line":103,"column":4},"end":{"line":103,"column":79}},"57":{"start":{"line":104,"column":4},"end":{"line":104,"column":50}},"58":{"start":{"line":106,"column":3},"end":{"line":106,"column":38}},"59":{"start":{"line":108,"column":2},"end":{"line":114,"column":3}},"60":{"start":{"line":109,"column":3},"end":{"line":112,"column":4}},"61":{"start":{"line":110,"column":4},"end":{"line":110,"column":79}},"62":{"start":{"line":111,"column":4},"end":{"line":111,"column":52}},"63":{"start":{"line":113,"column":3},"end":{"line":113,"column":40}},"64":{"start":{"line":115,"column":2},"end":{"line":121,"column":3}},"65":{"start":{"line":116,"column":3},"end":{"line":119,"column":4}},"66":{"start":{"line":117,"column":4},"end":{"line":117,"column":79}},"67":{"start":{"line":118,"column":4},"end":{"line":118,"column":62}},"68":{"start":{"line":120,"column":3},"end":{"line":120,"column":50}},"69":{"start":{"line":122,"column":2},"end":{"line":124,"column":3}},"70":{"start":{"line":123,"column":3},"end":{"line":123,"column":34}},"71":{"start":{"line":125,"column":2},"end":{"line":127,"column":3}},"72":{"start":{"line":126,"column":3},"end":{"line":126,"column":86}},"73":{"start":{"line":126,"column":55},"end":{"line":126,"column":84}},"74":{"start":{"line":128,"column":2},"end":{"line":130,"column":3}},"75":{"start":{"line":129,"column":3},"end":{"line":129,"column":31}},"76":{"start":{"line":131,"column":2},"end":{"line":133,"column":3}},"77":{"start":{"line":132,"column":3},"end":{"line":132,"column":124}},"78":{"start":{"line":132,"column":96},"end":{"line":132,"column":121}},"79":{"start":{"line":134,"column":2},"end":{"line":136,"column":3}},"80":{"start":{"line":135,"column":3},"end":{"line":135,"column":127}},"81":{"start":{"line":135,"column":98},"end":{"line":135,"column":124}},"82":{"start":{"line":137,"column":2},"end":{"line":147,"column":3}},"83":{"start":{"line":138,"column":3},"end":{"line":138,"column":11}},"84":{"start":{"line":139,"column":3},"end":{"line":145,"column":6}},"85":{"start":{"line":140,"column":4},"end":{"line":144,"column":5}},"86":{"start":{"line":141,"column":5},"end":{"line":141,"column":16}},"87":{"start":{"line":142,"column":11},"end":{"line":144,"column":5}},"88":{"start":{"line":143,"column":5},"end":{"line":143,"column":16}},"89":{"start":{"line":146,"column":3},"end":{"line":146,"column":14}},"90":{"start":{"line":148,"column":2},"end":{"line":158,"column":3}},"91":{"start":{"line":149,"column":3},"end":{"line":149,"column":11}},"92":{"start":{"line":150,"column":3},"end":{"line":156,"column":6}},"93":{"start":{"line":151,"column":4},"end":{"line":155,"column":5}},"94":{"start":{"line":152,"column":5},"end":{"line":152,"column":16}},"95":{"start":{"line":153,"column":11},"end":{"line":155,"column":5}},"96":{"start":{"line":154,"column":5},"end":{"line":154,"column":16}},"97":{"start":{"line":157,"column":3},"end":{"line":157,"column":14}},"98":{"start":{"line":159,"column":2},"end":{"line":173,"column":3}},"99":{"start":{"line":160,"column":3},"end":{"line":160,"column":11}},"100":{"start":{"line":161,"column":3},"end":{"line":161,"column":101}},"101":{"start":{"line":161,"column":48},"end":{"line":161,"column":97}},"102":{"start":{"line":162,"column":3},"end":{"line":171,"column":6}},"103":{"start":{"line":163,"column":4},"end":{"line":163,"column":28}},"104":{"start":{"line":164,"column":4},"end":{"line":170,"column":5}},"105":{"start":{"line":165,"column":5},"end":{"line":169,"column":6}},"106":{"start":{"line":166,"column":6},"end":{"line":166,"column":18}},"107":{"start":{"line":168,"column":6},"end":{"line":168,"column":19}},"108":{"start":{"line":172,"column":3},"end":{"line":172,"column":40}},"109":{"start":{"line":174,"column":2},"end":{"line":190,"column":3}},"110":{"start":{"line":175,"column":3},"end":{"line":175,"column":145}},"111":{"start":{"line":175,"column":92},"end":{"line":175,"column":141}},"112":{"start":{"line":176,"column":3},"end":{"line":188,"column":6}},"113":{"start":{"line":177,"column":4},"end":{"line":177,"column":95}},"114":{"start":{"line":178,"column":4},"end":{"line":187,"column":5}},"115":{"start":{"line":179,"column":5},"end":{"line":179,"column":14}},"116":{"start":{"line":180,"column":5},"end":{"line":184,"column":6}},"117":{"start":{"line":181,"column":6},"end":{"line":181,"column":18}},"118":{"start":{"line":183,"column":6},"end":{"line":183,"column":19}},"119":{"start":{"line":185,"column":11},"end":{"line":187,"column":5}},"120":{"start":{"line":186,"column":5},"end":{"line":186,"column":13}},"121":{"start":{"line":189,"column":3},"end":{"line":189,"column":48}},"122":{"start":{"line":191,"column":2},"end":{"line":191,"column":150}},"123":{"start":{"line":191,"column":108},"end":{"line":191,"column":127}},"124":{"start":{"line":192,"column":2},"end":{"line":192,"column":23}},"125":{"start":{"line":194,"column":1},"end":{"line":201,"column":2}},"126":{"start":{"line":195,"column":2},"end":{"line":195,"column":65}},"127":{"start":{"line":196,"column":2},"end":{"line":199,"column":3}},"128":{"start":{"line":197,"column":3},"end":{"line":197,"column":26}},"129":{"start":{"line":198,"column":3},"end":{"line":198,"column":24}},"130":{"start":{"line":200,"column":2},"end":{"line":200,"column":15}},"131":{"start":{"line":203,"column":1},"end":{"line":267,"column":2}},"132":{"start":{"line":204,"column":2},"end":{"line":204,"column":24}},"133":{"start":{"line":205,"column":2},"end":{"line":214,"column":3}},"134":{"start":{"line":206,"column":3},"end":{"line":206,"column":46}},"135":{"start":{"line":207,"column":3},"end":{"line":212,"column":4}},"136":{"start":{"line":208,"column":4},"end":{"line":210,"column":5}},"137":{"start":{"line":209,"column":5},"end":{"line":209,"column":18}},"138":{"start":{"line":211,"column":4},"end":{"line":211,"column":8}},"139":{"start":{"line":213,"column":3},"end":{"line":213,"column":15}},"140":{"start":{"line":215,"column":2},"end":{"line":224,"column":3}},"141":{"start":{"line":216,"column":3},"end":{"line":216,"column":46}},"142":{"start":{"line":217,"column":3},"end":{"line":222,"column":4}},"143":{"start":{"line":218,"column":4},"end":{"line":220,"column":5}},"144":{"start":{"line":219,"column":5},"end":{"line":219,"column":17}},"145":{"start":{"line":221,"column":4},"end":{"line":221,"column":8}},"146":{"start":{"line":223,"column":3},"end":{"line":223,"column":16}},"147":{"start":{"line":225,"column":2},"end":{"line":228,"column":3}},"148":{"start":{"line":226,"column":3},"end":{"line":226,"column":74}},"149":{"start":{"line":227,"column":3},"end":{"line":227,"column":44}},"150":{"start":{"line":229,"column":2},"end":{"line":232,"column":3}},"151":{"start":{"line":230,"column":3},"end":{"line":230,"column":74}},"152":{"start":{"line":231,"column":3},"end":{"line":231,"column":53}},"153":{"start":{"line":233,"column":2},"end":{"line":236,"column":3}},"154":{"start":{"line":234,"column":3},"end":{"line":234,"column":74}},"155":{"start":{"line":235,"column":3},"end":{"line":235,"column":55}},"156":{"start":{"line":237,"column":2},"end":{"line":240,"column":3}},"157":{"start":{"line":238,"column":3},"end":{"line":238,"column":74}},"158":{"start":{"line":239,"column":3},"end":{"line":239,"column":91}},"159":{"start":{"line":241,"column":2},"end":{"line":243,"column":3}},"160":{"start":{"line":242,"column":3},"end":{"line":242,"column":43}},"161":{"start":{"line":244,"column":2},"end":{"line":246,"column":3}},"162":{"start":{"line":245,"column":3},"end":{"line":245,"column":77}},"163":{"start":{"line":247,"column":2},"end":{"line":249,"column":3}},"164":{"start":{"line":248,"column":3},"end":{"line":248,"column":81}},"165":{"start":{"line":250,"column":2},"end":{"line":252,"column":3}},"166":{"start":{"line":251,"column":3},"end":{"line":251,"column":30}},"167":{"start":{"line":253,"column":2},"end":{"line":255,"column":3}},"168":{"start":{"line":254,"column":3},"end":{"line":254,"column":30}},"169":{"start":{"line":256,"column":2},"end":{"line":258,"column":3}},"170":{"start":{"line":257,"column":3},"end":{"line":257,"column":30}},"171":{"start":{"line":259,"column":2},"end":{"line":261,"column":3}},"172":{"start":{"line":260,"column":3},"end":{"line":260,"column":30}},"173":{"start":{"line":262,"column":2},"end":{"line":264,"column":3}},"174":{"start":{"line":263,"column":3},"end":{"line":263,"column":24}},"175":{"start":{"line":265,"column":2},"end":{"line":265,"column":147}},"176":{"start":{"line":265,"column":106},"end":{"line":265,"column":123}},"177":{"start":{"line":266,"column":2},"end":{"line":266,"column":21}},"178":{"start":{"line":269,"column":1},"end":{"line":296,"column":2}},"179":{"start":{"line":270,"column":2},"end":{"line":270,"column":32}},"180":{"start":{"line":271,"column":2},"end":{"line":273,"column":4}},"181":{"start":{"line":272,"column":3},"end":{"line":272,"column":33}},"182":{"start":{"line":274,"column":2},"end":{"line":276,"column":4}},"183":{"start":{"line":275,"column":3},"end":{"line":275,"column":34}},"184":{"start":{"line":277,"column":2},"end":{"line":279,"column":4}},"185":{"start":{"line":278,"column":3},"end":{"line":278,"column":35}},"186":{"start":{"line":280,"column":2},"end":{"line":282,"column":4}},"187":{"start":{"line":281,"column":3},"end":{"line":281,"column":25}},"188":{"start":{"line":283,"column":2},"end":{"line":285,"column":4}},"189":{"start":{"line":284,"column":3},"end":{"line":284,"column":36}},"190":{"start":{"line":286,"column":2},"end":{"line":288,"column":4}},"191":{"start":{"line":287,"column":3},"end":{"line":287,"column":25}},"192":{"start":{"line":289,"column":2},"end":{"line":291,"column":4}},"193":{"start":{"line":290,"column":3},"end":{"line":290,"column":34}},"194":{"start":{"line":292,"column":2},"end":{"line":294,"column":4}},"195":{"start":{"line":293,"column":3},"end":{"line":293,"column":33}},"196":{"start":{"line":295,"column":2},"end":{"line":295,"column":25}},"197":{"start":{"line":300,"column":1},"end":{"line":323,"column":2}},"198":{"start":{"line":301,"column":5},"end":{"line":312,"column":7}},"199":{"start":{"line":314,"column":2},"end":{"line":320,"column":16}},"200":{"start":{"line":316,"column":26},"end":{"line":316,"column":42}},"201":{"start":{"line":318,"column":10},"end":{"line":318,"column":63}},"202":{"start":{"line":322,"column":2},"end":{"line":322,"column":47}},"203":{"start":{"line":325,"column":1},"end":{"line":365,"column":2}},"204":{"start":{"line":326,"column":2},"end":{"line":326,"column":30}},"205":{"start":{"line":327,"column":2},"end":{"line":329,"column":4}},"206":{"start":{"line":328,"column":3},"end":{"line":328,"column":34}},"207":{"start":{"line":330,"column":2},"end":{"line":332,"column":4}},"208":{"start":{"line":331,"column":3},"end":{"line":331,"column":52}},"209":{"start":{"line":333,"column":2},"end":{"line":335,"column":4}},"210":{"start":{"line":334,"column":3},"end":{"line":334,"column":33}},"211":{"start":{"line":336,"column":2},"end":{"line":338,"column":4}},"212":{"start":{"line":337,"column":3},"end":{"line":337,"column":34}},"213":{"start":{"line":339,"column":2},"end":{"line":341,"column":4}},"214":{"start":{"line":340,"column":3},"end":{"line":340,"column":35}},"215":{"start":{"line":342,"column":2},"end":{"line":344,"column":4}},"216":{"start":{"line":343,"column":3},"end":{"line":343,"column":25}},"217":{"start":{"line":345,"column":2},"end":{"line":347,"column":4}},"218":{"start":{"line":346,"column":3},"end":{"line":346,"column":34}},"219":{"start":{"line":348,"column":2},"end":{"line":350,"column":4}},"220":{"start":{"line":349,"column":3},"end":{"line":349,"column":35}},"221":{"start":{"line":351,"column":2},"end":{"line":353,"column":4}},"222":{"start":{"line":352,"column":3},"end":{"line":352,"column":34}},"223":{"start":{"line":354,"column":2},"end":{"line":356,"column":4}},"224":{"start":{"line":355,"column":3},"end":{"line":355,"column":33}},"225":{"start":{"line":357,"column":2},"end":{"line":360,"column":4}},"226":{"start":{"line":358,"column":3},"end":{"line":358,"column":30}},"227":{"start":{"line":359,"column":3},"end":{"line":359,"column":67}},"228":{"start":{"line":361,"column":2},"end":{"line":363,"column":4}},"229":{"start":{"line":362,"column":3},"end":{"line":362,"column":29}},"230":{"start":{"line":364,"column":2},"end":{"line":364,"column":24}},"231":{"start":{"line":367,"column":1},"end":{"line":401,"column":2}},"232":{"start":{"line":368,"column":2},"end":{"line":368,"column":30}},"233":{"start":{"line":369,"column":2},"end":{"line":371,"column":4}},"234":{"start":{"line":370,"column":3},"end":{"line":370,"column":33}},"235":{"start":{"line":372,"column":2},"end":{"line":374,"column":4}},"236":{"start":{"line":373,"column":3},"end":{"line":373,"column":34}},"237":{"start":{"line":375,"column":2},"end":{"line":377,"column":4}},"238":{"start":{"line":376,"column":3},"end":{"line":376,"column":35}},"239":{"start":{"line":378,"column":2},"end":{"line":380,"column":4}},"240":{"start":{"line":379,"column":3},"end":{"line":379,"column":25}},"241":{"start":{"line":381,"column":2},"end":{"line":383,"column":4}},"242":{"start":{"line":382,"column":3},"end":{"line":382,"column":36}},"243":{"start":{"line":384,"column":2},"end":{"line":386,"column":4}},"244":{"start":{"line":385,"column":3},"end":{"line":385,"column":25}},"245":{"start":{"line":387,"column":2},"end":{"line":389,"column":4}},"246":{"start":{"line":388,"column":3},"end":{"line":388,"column":34}},"247":{"start":{"line":390,"column":2},"end":{"line":392,"column":4}},"248":{"start":{"line":391,"column":3},"end":{"line":391,"column":33}},"249":{"start":{"line":393,"column":2},"end":{"line":396,"column":4}},"250":{"start":{"line":394,"column":3},"end":{"line":394,"column":30}},"251":{"start":{"line":395,"column":3},"end":{"line":395,"column":67}},"252":{"start":{"line":397,"column":2},"end":{"line":399,"column":4}},"253":{"start":{"line":398,"column":3},"end":{"line":398,"column":29}},"254":{"start":{"line":400,"column":2},"end":{"line":400,"column":24}},"255":{"start":{"line":403,"column":1},"end":{"line":420,"column":2}},"256":{"start":{"line":404,"column":2},"end":{"line":404,"column":57}},"257":{"start":{"line":405,"column":2},"end":{"line":405,"column":30}},"258":{"start":{"line":406,"column":2},"end":{"line":406,"column":78}},"259":{"start":{"line":407,"column":2},"end":{"line":407,"column":73}},"260":{"start":{"line":408,"column":2},"end":{"line":408,"column":70}},"261":{"start":{"line":409,"column":2},"end":{"line":409,"column":68}},"262":{"start":{"line":410,"column":2},"end":{"line":410,"column":64}},"263":{"start":{"line":411,"column":2},"end":{"line":411,"column":66}},"264":{"start":{"line":412,"column":2},"end":{"line":412,"column":22}},"265":{"start":{"line":413,"column":2},"end":{"line":413,"column":18}},"266":{"start":{"line":414,"column":2},"end":{"line":414,"column":17}},"267":{"start":{"line":415,"column":2},"end":{"line":415,"column":18}},"268":{"start":{"line":416,"column":2},"end":{"line":416,"column":20}},"269":{"start":{"line":417,"column":2},"end":{"line":417,"column":20}},"270":{"start":{"line":418,"column":2},"end":{"line":418,"column":26}},"271":{"start":{"line":419,"column":2},"end":{"line":419,"column":22}},"272":{"start":{"line":421,"column":1},"end":{"line":481,"column":2}},"273":{"start":{"line":422,"column":2},"end":{"line":422,"column":26}},"274":{"start":{"line":423,"column":2},"end":{"line":423,"column":178}},"275":{"start":{"line":423,"column":112},"end":{"line":423,"column":132}},"276":{"start":{"line":423,"column":151},"end":{"line":423,"column":173}},"277":{"start":{"line":424,"column":2},"end":{"line":424,"column":193}},"278":{"start":{"line":424,"column":112},"end":{"line":424,"column":143}},"279":{"start":{"line":424,"column":162},"end":{"line":424,"column":188}},"280":{"start":{"line":425,"column":2},"end":{"line":425,"column":197}},"281":{"start":{"line":425,"column":116},"end":{"line":425,"column":147}},"282":{"start":{"line":425,"column":166},"end":{"line":425,"column":192}},"283":{"start":{"line":426,"column":2},"end":{"line":426,"column":181}},"284":{"start":{"line":426,"column":113},"end":{"line":426,"column":134}},"285":{"start":{"line":426,"column":153},"end":{"line":426,"column":176}},"286":{"start":{"line":427,"column":2},"end":{"line":427,"column":184}},"287":{"start":{"line":427,"column":118},"end":{"line":427,"column":138}},"288":{"start":{"line":427,"column":157},"end":{"line":427,"column":179}},"289":{"start":{"line":428,"column":2},"end":{"line":428,"column":181}},"290":{"start":{"line":428,"column":113},"end":{"line":428,"column":134}},"291":{"start":{"line":428,"column":153},"end":{"line":428,"column":176}},"292":{"start":{"line":429,"column":2},"end":{"line":429,"column":187}},"293":{"start":{"line":429,"column":115},"end":{"line":429,"column":138}},"294":{"start":{"line":429,"column":157},"end":{"line":429,"column":182}},"295":{"start":{"line":430,"column":2},"end":{"line":430,"column":187}},"296":{"start":{"line":430,"column":115},"end":{"line":430,"column":138}},"297":{"start":{"line":430,"column":157},"end":{"line":430,"column":182}},"298":{"start":{"line":431,"column":2},"end":{"line":431,"column":202}},"299":{"start":{"line":431,"column":120},"end":{"line":431,"column":148}},"300":{"start":{"line":431,"column":167},"end":{"line":431,"column":197}},"301":{"start":{"line":432,"column":2},"end":{"line":434,"column":4}},"302":{"start":{"line":433,"column":3},"end":{"line":433,"column":79}},"303":{"start":{"line":435,"column":2},"end":{"line":437,"column":4}},"304":{"start":{"line":436,"column":3},"end":{"line":436,"column":80}},"305":{"start":{"line":438,"column":2},"end":{"line":440,"column":4}},"306":{"start":{"line":439,"column":3},"end":{"line":439,"column":81}},"307":{"start":{"line":441,"column":2},"end":{"line":443,"column":4}},"308":{"start":{"line":442,"column":3},"end":{"line":442,"column":23}},"309":{"start":{"line":444,"column":2},"end":{"line":446,"column":4}},"310":{"start":{"line":445,"column":3},"end":{"line":445,"column":81}},"311":{"start":{"line":447,"column":2},"end":{"line":449,"column":4}},"312":{"start":{"line":448,"column":3},"end":{"line":448,"column":23}},"313":{"start":{"line":450,"column":2},"end":{"line":452,"column":4}},"314":{"start":{"line":451,"column":3},"end":{"line":451,"column":80}},"315":{"start":{"line":453,"column":2},"end":{"line":455,"column":4}},"316":{"start":{"line":454,"column":3},"end":{"line":454,"column":79}},"317":{"start":{"line":458,"column":2},"end":{"line":461,"column":4}},"318":{"start":{"line":460,"column":3},"end":{"line":460,"column":58}},"319":{"start":{"line":462,"column":2},"end":{"line":465,"column":4}},"320":{"start":{"line":464,"column":3},"end":{"line":464,"column":54}},"321":{"start":{"line":466,"column":2},"end":{"line":475,"column":4}},"322":{"start":{"line":468,"column":3},"end":{"line":470,"column":4}},"323":{"start":{"line":469,"column":4},"end":{"line":469,"column":14}},"324":{"start":{"line":471,"column":3},"end":{"line":473,"column":4}},"325":{"start":{"line":472,"column":4},"end":{"line":472,"column":14}},"326":{"start":{"line":474,"column":3},"end":{"line":474,"column":51}},"327":{"start":{"line":476,"column":2},"end":{"line":479,"column":4}},"328":{"start":{"line":478,"column":3},"end":{"line":478,"column":78}},"329":{"start":{"line":480,"column":2},"end":{"line":480,"column":22}},"330":{"start":{"line":485,"column":1},"end":{"line":502,"column":2}},"331":{"start":{"line":486,"column":2},"end":{"line":486,"column":31}},"332":{"start":{"line":487,"column":2},"end":{"line":487,"column":27}},"333":{"start":{"line":488,"column":2},"end":{"line":488,"column":35}},"334":{"start":{"line":489,"column":2},"end":{"line":489,"column":33}},"335":{"start":{"line":490,"column":2},"end":{"line":490,"column":33}},"336":{"start":{"line":491,"column":2},"end":{"line":491,"column":29}},"337":{"start":{"line":492,"column":8},"end":{"line":502,"column":2}},"338":{"start":{"line":494,"column":2},"end":{"line":494,"column":203}},"339":{"start":{"line":494,"column":21},"end":{"line":494,"column":200}},"340":{"start":{"line":496,"column":2},"end":{"line":496,"column":24}},"341":{"start":{"line":497,"column":2},"end":{"line":497,"column":20}},"342":{"start":{"line":498,"column":2},"end":{"line":498,"column":36}},"343":{"start":{"line":499,"column":2},"end":{"line":499,"column":34}},"344":{"start":{"line":500,"column":2},"end":{"line":500,"column":34}},"345":{"start":{"line":501,"column":2},"end":{"line":501,"column":22}}},"branchMap":{"1":{"line":15,"type":"if","locations":[{"start":{"line":15,"column":3},"end":{"line":15,"column":3}},{"start":{"line":15,"column":3},"end":{"line":15,"column":3}}]},"2":{"line":18,"type":"if","locations":[{"start":{"line":18,"column":3},"end":{"line":18,"column":3}},{"start":{"line":18,"column":3},"end":{"line":18,"column":3}}]},"3":{"line":35,"type":"if","locations":[{"start":{"line":35,"column":4},"end":{"line":35,"column":4}},{"start":{"line":35,"column":4},"end":{"line":35,"column":4}}]},"4":{"line":44,"type":"if","locations":[{"start":{"line":44,"column":5},"end":{"line":44,"column":5}},{"start":{"line":44,"column":5},"end":{"line":44,"column":5}}]},"5":{"line":60,"type":"if","locations":[{"start":{"line":60,"column":4},"end":{"line":60,"column":4}},{"start":{"line":60,"column":4},"end":{"line":60,"column":4}}]},"6":{"line":76,"type":"if","locations":[{"start":{"line":76,"column":7},"end":{"line":76,"column":7}},{"start":{"line":76,"column":7},"end":{"line":76,"column":7}}]},"7":{"line":77,"type":"if","locations":[{"start":{"line":77,"column":8},"end":{"line":77,"column":8}},{"start":{"line":77,"column":8},"end":{"line":77,"column":8}}]},"8":{"line":77,"type":"binary-expr","locations":[{"start":{"line":77,"column":11},"end":{"line":77,"column":16}},{"start":{"line":77,"column":20},"end":{"line":77,"column":44}}]},"9":{"line":85,"type":"if","locations":[{"start":{"line":85,"column":3},"end":{"line":85,"column":3}},{"start":{"line":85,"column":3},"end":{"line":85,"column":3}}]},"10":{"line":95,"type":"if","locations":[{"start":{"line":95,"column":3},"end":{"line":95,"column":3}},{"start":{"line":95,"column":3},"end":{"line":95,"column":3}}]},"11":{"line":102,"type":"if","locations":[{"start":{"line":102,"column":3},"end":{"line":102,"column":3}},{"start":{"line":102,"column":3},"end":{"line":102,"column":3}}]},"12":{"line":109,"type":"if","locations":[{"start":{"line":109,"column":3},"end":{"line":109,"column":3}},{"start":{"line":109,"column":3},"end":{"line":109,"column":3}}]},"13":{"line":116,"type":"if","locations":[{"start":{"line":116,"column":3},"end":{"line":116,"column":3}},{"start":{"line":116,"column":3},"end":{"line":116,"column":3}}]},"14":{"line":125,"type":"if","locations":[{"start":{"line":125,"column":2},"end":{"line":125,"column":2}},{"start":{"line":125,"column":2},"end":{"line":125,"column":2}}]},"15":{"line":132,"type":"binary-expr","locations":[{"start":{"line":132,"column":10},"end":{"line":132,"column":32}},{"start":{"line":132,"column":36},"end":{"line":132,"column":62}},{"start":{"line":132,"column":66},"end":{"line":132,"column":123}}]},"16":{"line":135,"type":"binary-expr","locations":[{"start":{"line":135,"column":10},"end":{"line":135,"column":35}},{"start":{"line":135,"column":39},"end":{"line":135,"column":65}},{"start":{"line":135,"column":69},"end":{"line":135,"column":126}}]},"17":{"line":140,"type":"if","locations":[{"start":{"line":140,"column":4},"end":{"line":140,"column":4}},{"start":{"line":140,"column":4},"end":{"line":140,"column":4}}]},"18":{"line":142,"type":"if","locations":[{"start":{"line":142,"column":11},"end":{"line":142,"column":11}},{"start":{"line":142,"column":11},"end":{"line":142,"column":11}}]},"19":{"line":151,"type":"if","locations":[{"start":{"line":151,"column":4},"end":{"line":151,"column":4}},{"start":{"line":151,"column":4},"end":{"line":151,"column":4}}]},"20":{"line":153,"type":"if","locations":[{"start":{"line":153,"column":11},"end":{"line":153,"column":11}},{"start":{"line":153,"column":11},"end":{"line":153,"column":11}}]},"21":{"line":161,"type":"cond-expr","locations":[{"start":{"line":161,"column":22},"end":{"line":161,"column":28}},{"start":{"line":161,"column":31},"end":{"line":161,"column":99}}]},"22":{"line":161,"type":"cond-expr","locations":[{"start":{"line":161,"column":69},"end":{"line":161,"column":83}},{"start":{"line":161,"column":86},"end":{"line":161,"column":95}}]},"23":{"line":164,"type":"if","locations":[{"start":{"line":164,"column":4},"end":{"line":164,"column":4}},{"start":{"line":164,"column":4},"end":{"line":164,"column":4}}]},"24":{"line":165,"type":"if","locations":[{"start":{"line":165,"column":5},"end":{"line":165,"column":5}},{"start":{"line":165,"column":5},"end":{"line":165,"column":5}}]},"25":{"line":172,"type":"cond-expr","locations":[{"start":{"line":172,"column":29},"end":{"line":172,"column":32}},{"start":{"line":172,"column":35},"end":{"line":172,"column":38}}]},"26":{"line":175,"type":"cond-expr","locations":[{"start":{"line":175,"column":35},"end":{"line":175,"column":71}},{"start":{"line":175,"column":75},"end":{"line":175,"column":143}}]},"27":{"line":175,"type":"cond-expr","locations":[{"start":{"line":175,"column":62},"end":{"line":175,"column":65}},{"start":{"line":175,"column":68},"end":{"line":175,"column":71}}]},"28":{"line":175,"type":"cond-expr","locations":[{"start":{"line":175,"column":113},"end":{"line":175,"column":127}},{"start":{"line":175,"column":130},"end":{"line":175,"column":139}}]},"29":{"line":177,"type":"cond-expr","locations":[{"start":{"line":177,"column":42},"end":{"line":177,"column":49}},{"start":{"line":177,"column":53},"end":{"line":177,"column":92}}]},"30":{"line":177,"type":"cond-expr","locations":[{"start":{"line":177,"column":66},"end":{"line":177,"column":80}},{"start":{"line":177,"column":83},"end":{"line":177,"column":92}}]},"31":{"line":178,"type":"if","locations":[{"start":{"line":178,"column":4},"end":{"line":178,"column":4}},{"start":{"line":178,"column":4},"end":{"line":178,"column":4}}]},"32":{"line":180,"type":"if","locations":[{"start":{"line":180,"column":5},"end":{"line":180,"column":5}},{"start":{"line":180,"column":5},"end":{"line":180,"column":5}}]},"33":{"line":185,"type":"if","locations":[{"start":{"line":185,"column":11},"end":{"line":185,"column":11}},{"start":{"line":185,"column":11},"end":{"line":185,"column":11}}]},"34":{"line":189,"type":"cond-expr","locations":[{"start":{"line":189,"column":29},"end":{"line":189,"column":32}},{"start":{"line":189,"column":35},"end":{"line":189,"column":46}}]},"35":{"line":206,"type":"cond-expr","locations":[{"start":{"line":206,"column":23},"end":{"line":206,"column":30}},{"start":{"line":206,"column":33},"end":{"line":206,"column":37}}]},"36":{"line":208,"type":"if","locations":[{"start":{"line":208,"column":4},"end":{"line":208,"column":4}},{"start":{"line":208,"column":4},"end":{"line":208,"column":4}}]},"37":{"line":216,"type":"cond-expr","locations":[{"start":{"line":216,"column":23},"end":{"line":216,"column":30}},{"start":{"line":216,"column":33},"end":{"line":216,"column":37}}]},"38":{"line":218,"type":"if","locations":[{"start":{"line":218,"column":4},"end":{"line":218,"column":4}},{"start":{"line":218,"column":4},"end":{"line":218,"column":4}}]},"39":{"line":226,"type":"cond-expr","locations":[{"start":{"line":226,"column":44},"end":{"line":226,"column":52}},{"start":{"line":226,"column":55},"end":{"line":226,"column":72}}]},"40":{"line":230,"type":"cond-expr","locations":[{"start":{"line":230,"column":44},"end":{"line":230,"column":52}},{"start":{"line":230,"column":55},"end":{"line":230,"column":72}}]},"41":{"line":234,"type":"cond-expr","locations":[{"start":{"line":234,"column":44},"end":{"line":234,"column":52}},{"start":{"line":234,"column":55},"end":{"line":234,"column":72}}]},"42":{"line":238,"type":"cond-expr","locations":[{"start":{"line":238,"column":44},"end":{"line":238,"column":52}},{"start":{"line":238,"column":55},"end":{"line":238,"column":72}}]},"43":{"line":239,"type":"binary-expr","locations":[{"start":{"line":239,"column":10},"end":{"line":239,"column":34}},{"start":{"line":239,"column":38},"end":{"line":239,"column":90}}]},"44":{"line":245,"type":"binary-expr","locations":[{"start":{"line":245,"column":10},"end":{"line":245,"column":28}},{"start":{"line":245,"column":32},"end":{"line":245,"column":52}},{"start":{"line":245,"column":56},"end":{"line":245,"column":76}}]},"45":{"line":248,"type":"binary-expr","locations":[{"start":{"line":248,"column":10},"end":{"line":248,"column":31}},{"start":{"line":248,"column":35},"end":{"line":248,"column":55}},{"start":{"line":248,"column":59},"end":{"line":248,"column":80}}]},"46":{"line":318,"type":"cond-expr","locations":[{"start":{"line":318,"column":30},"end":{"line":318,"column":44}},{"start":{"line":318,"column":47},"end":{"line":318,"column":61}}]},"47":{"line":359,"type":"binary-expr","locations":[{"start":{"line":359,"column":11},"end":{"line":359,"column":21}},{"start":{"line":359,"column":25},"end":{"line":359,"column":35}},{"start":{"line":359,"column":41},"end":{"line":359,"column":51}},{"start":{"line":359,"column":55},"end":{"line":359,"column":65}}]},"48":{"line":395,"type":"binary-expr","locations":[{"start":{"line":395,"column":11},"end":{"line":395,"column":21}},{"start":{"line":395,"column":25},"end":{"line":395,"column":35}},{"start":{"line":395,"column":41},"end":{"line":395,"column":51}},{"start":{"line":395,"column":55},"end":{"line":395,"column":65}}]},"49":{"line":406,"type":"cond-expr","locations":[{"start":{"line":406,"column":59},"end":{"line":406,"column":72}},{"start":{"line":406,"column":75},"end":{"line":406,"column":76}}]},"50":{"line":407,"type":"cond-expr","locations":[{"start":{"line":407,"column":55},"end":{"line":407,"column":67}},{"start":{"line":407,"column":70},"end":{"line":407,"column":71}}]},"51":{"line":408,"type":"cond-expr","locations":[{"start":{"line":408,"column":51},"end":{"line":408,"column":64}},{"start":{"line":408,"column":67},"end":{"line":408,"column":68}}]},"52":{"line":409,"type":"cond-expr","locations":[{"start":{"line":409,"column":47},"end":{"line":409,"column":62}},{"start":{"line":409,"column":65},"end":{"line":409,"column":66}}]},"53":{"line":410,"type":"cond-expr","locations":[{"start":{"line":410,"column":43},"end":{"line":410,"column":58}},{"start":{"line":410,"column":61},"end":{"line":410,"column":62}}]},"54":{"line":411,"type":"cond-expr","locations":[{"start":{"line":411,"column":40},"end":{"line":411,"column":60}},{"start":{"line":411,"column":63},"end":{"line":411,"column":64}}]},"55":{"line":468,"type":"if","locations":[{"start":{"line":468,"column":3},"end":{"line":468,"column":3}},{"start":{"line":468,"column":3},"end":{"line":468,"column":3}}]},"56":{"line":471,"type":"if","locations":[{"start":{"line":471,"column":3},"end":{"line":471,"column":3}},{"start":{"line":471,"column":3},"end":{"line":471,"column":3}}]},"57":{"line":474,"type":"cond-expr","locations":[{"start":{"line":474,"column":43},"end":{"line":474,"column":45}},{"start":{"line":474,"column":48},"end":{"line":474,"column":50}}]},"58":{"line":485,"type":"if","locations":[{"start":{"line":485,"column":1},"end":{"line":485,"column":1}},{"start":{"line":485,"column":1},"end":{"line":485,"column":1}}]},"59":{"line":485,"type":"binary-expr","locations":[{"start":{"line":485,"column":5},"end":{"line":485,"column":35}},{"start":{"line":485,"column":39},"end":{"line":485,"column":53}}]},"60":{"line":492,"type":"if","locations":[{"start":{"line":492,"column":8},"end":{"line":492,"column":8}},{"start":{"line":492,"column":8},"end":{"line":492,"column":8}}]},"61":{"line":492,"type":"binary-expr","locations":[{"start":{"line":492,"column":12},"end":{"line":492,"column":40}},{"start":{"line":492,"column":44},"end":{"line":492,"column":54}}]}}}}