TN:
SF:C:\Users\Simon\git\joex\index.js
FN:1,(anonymous_1)
FN:5,eq
FN:12,intersection
FN:68,crossproduct
FN:71,addTo
FN:92,(anonymous_6)
FN:94,(anonymous_7)
FN:101,(anonymous_8)
FN:108,(anonymous_9)
FN:115,(anonymous_10)
FN:122,(anonymous_11)
FN:126,(anonymous_12)
FN:128,(anonymous_13)
FN:131,(anonymous_14)
FN:132,(anonymous_15)
FN:134,(anonymous_16)
FN:135,(anonymous_17)
FN:137,(anonymous_18)
FN:139,(anonymous_19)
FN:148,(anonymous_20)
FN:150,(anonymous_21)
FN:159,(anonymous_22)
FN:161,(anonymous_23)
FN:162,(anonymous_24)
FN:174,(anonymous_25)
FN:175,(anonymous_26)
FN:176,(anonymous_27)
FN:191,(anonymous_28)
FN:191,(anonymous_29)
FN:194,toArray
FN:203,(anonymous_31)
FN:205,(anonymous_32)
FN:215,(anonymous_33)
FN:225,(anonymous_34)
FN:229,(anonymous_35)
FN:233,(anonymous_36)
FN:237,(anonymous_37)
FN:241,(anonymous_38)
FN:244,(anonymous_39)
FN:247,(anonymous_40)
FN:250,(anonymous_41)
FN:253,(anonymous_42)
FN:256,(anonymous_43)
FN:259,(anonymous_44)
FN:262,(anonymous_45)
FN:265,(anonymous_46)
FN:265,(anonymous_47)
FN:269,(anonymous_48)
FN:271,(anonymous_49)
FN:274,(anonymous_50)
FN:277,(anonymous_51)
FN:280,(anonymous_52)
FN:283,(anonymous_53)
FN:286,(anonymous_54)
FN:289,(anonymous_55)
FN:292,(anonymous_56)
FN:300,soundex
FN:316,(anonymous_58)
FN:317,(anonymous_59)
FN:325,(anonymous_60)
FN:327,(anonymous_61)
FN:330,(anonymous_62)
FN:333,(anonymous_63)
FN:336,(anonymous_64)
FN:339,(anonymous_65)
FN:342,(anonymous_66)
FN:345,(anonymous_67)
FN:348,(anonymous_68)
FN:351,(anonymous_69)
FN:354,(anonymous_70)
FN:357,(anonymous_71)
FN:361,(anonymous_72)
FN:367,(anonymous_73)
FN:369,(anonymous_74)
FN:372,(anonymous_75)
FN:375,(anonymous_76)
FN:378,(anonymous_77)
FN:381,(anonymous_78)
FN:384,(anonymous_79)
FN:387,(anonymous_80)
FN:390,(anonymous_81)
FN:393,(anonymous_82)
FN:397,(anonymous_83)
FN:403,toPrecision
FN:421,(anonymous_85)
FN:423,(anonymous_86)
FN:423,(anonymous_87)
FN:424,(anonymous_88)
FN:424,(anonymous_89)
FN:425,(anonymous_90)
FN:425,(anonymous_91)
FN:426,(anonymous_92)
FN:426,(anonymous_93)
FN:427,(anonymous_94)
FN:427,(anonymous_95)
FN:428,(anonymous_96)
FN:428,(anonymous_97)
FN:429,(anonymous_98)
FN:429,(anonymous_99)
FN:430,(anonymous_100)
FN:430,(anonymous_101)
FN:431,(anonymous_102)
FN:431,(anonymous_103)
FN:432,(anonymous_104)
FN:435,(anonymous_105)
FN:438,(anonymous_106)
FN:441,(anonymous_107)
FN:444,(anonymous_108)
FN:447,(anonymous_109)
FN:450,(anonymous_110)
FN:453,(anonymous_111)
FN:458,(anonymous_112)
FN:462,(anonymous_113)
FN:466,(anonymous_114)
FN:476,(anonymous_115)
FN:494,(anonymous_116)
FNF:116
FNH:70
FNDA:1,(anonymous_1)
FNDA:9,eq
FNDA:15,intersection
FNDA:0,crossproduct
FNDA:0,addTo
FNDA:1,(anonymous_6)
FNDA:1,(anonymous_7)
FNDA:3,(anonymous_8)
FNDA:1,(anonymous_9)
FNDA:1,(anonymous_10)
FNDA:0,(anonymous_11)
FNDA:2,(anonymous_12)
FNDA:1,(anonymous_13)
FNDA:2,(anonymous_14)
FNDA:4,(anonymous_15)
FNDA:0,(anonymous_16)
FNDA:0,(anonymous_17)
FNDA:4,(anonymous_18)
FNDA:9,(anonymous_19)
FNDA:4,(anonymous_20)
FNDA:9,(anonymous_21)
FNDA:0,(anonymous_22)
FNDA:0,(anonymous_23)
FNDA:0,(anonymous_24)
FNDA:7,(anonymous_25)
FNDA:15,(anonymous_26)
FNDA:18,(anonymous_27)
FNDA:0,(anonymous_28)
FNDA:0,(anonymous_29)
FNDA:18,toArray
FNDA:1,(anonymous_31)
FNDA:0,(anonymous_32)
FNDA:0,(anonymous_33)
FNDA:0,(anonymous_34)
FNDA:2,(anonymous_35)
FNDA:2,(anonymous_36)
FNDA:5,(anonymous_37)
FNDA:0,(anonymous_38)
FNDA:2,(anonymous_39)
FNDA:1,(anonymous_40)
FNDA:1,(anonymous_41)
FNDA:1,(anonymous_42)
FNDA:0,(anonymous_43)
FNDA:1,(anonymous_44)
FNDA:0,(anonymous_45)
FNDA:0,(anonymous_46)
FNDA:0,(anonymous_47)
FNDA:1,(anonymous_48)
FNDA:2,(anonymous_49)
FNDA:0,(anonymous_50)
FNDA:2,(anonymous_51)
FNDA:0,(anonymous_52)
FNDA:0,(anonymous_53)
FNDA:0,(anonymous_54)
FNDA:0,(anonymous_55)
FNDA:2,(anonymous_56)
FNDA:4,soundex
FNDA:25,(anonymous_58)
FNDA:25,(anonymous_59)
FNDA:1,(anonymous_60)
FNDA:0,(anonymous_61)
FNDA:2,(anonymous_62)
FNDA:0,(anonymous_63)
FNDA:0,(anonymous_64)
FNDA:1,(anonymous_65)
FNDA:0,(anonymous_66)
FNDA:0,(anonymous_67)
FNDA:0,(anonymous_68)
FNDA:0,(anonymous_69)
FNDA:0,(anonymous_70)
FNDA:4,(anonymous_71)
FNDA:1,(anonymous_72)
FNDA:1,(anonymous_73)
FNDA:1,(anonymous_74)
FNDA:0,(anonymous_75)
FNDA:2,(anonymous_76)
FNDA:0,(anonymous_77)
FNDA:0,(anonymous_78)
FNDA:0,(anonymous_79)
FNDA:0,(anonymous_80)
FNDA:1,(anonymous_81)
FNDA:4,(anonymous_82)
FNDA:1,(anonymous_83)
FNDA:16,toPrecision
FNDA:1,(anonymous_85)
FNDA:0,(anonymous_86)
FNDA:0,(anonymous_87)
FNDA:1,(anonymous_88)
FNDA:1,(anonymous_89)
FNDA:1,(anonymous_90)
FNDA:1,(anonymous_91)
FNDA:1,(anonymous_92)
FNDA:1,(anonymous_93)
FNDA:1,(anonymous_94)
FNDA:1,(anonymous_95)
FNDA:1,(anonymous_96)
FNDA:1,(anonymous_97)
FNDA:1,(anonymous_98)
FNDA:1,(anonymous_99)
FNDA:1,(anonymous_100)
FNDA:1,(anonymous_101)
FNDA:1,(anonymous_102)
FNDA:1,(anonymous_103)
FNDA:0,(anonymous_104)
FNDA:0,(anonymous_105)
FNDA:8,(anonymous_106)
FNDA:0,(anonymous_107)
FNDA:0,(anonymous_108)
FNDA:0,(anonymous_109)
FNDA:0,(anonymous_110)
FNDA:0,(anonymous_111)
FNDA:1,(anonymous_112)
FNDA:1,(anonymous_113)
FNDA:1,(anonymous_114)
FNDA:1,(anonymous_115)
FNDA:0,(anonymous_116)
DA:1,1
DA:3,1
DA:5,1
DA:6,9
DA:12,1
DA:13,15
DA:15,15
DA:16,0
DA:18,15
DA:19,1
DA:22,14
DA:29,14
DA:30,29
DA:35,29
DA:36,0
DA:39,29
DA:40,29
DA:41,87
DA:44,87
DA:45,57
DA:46,57
DA:47,57
DA:48,57
DA:49,57
DA:51,30
DA:56,14
DA:59,14
DA:60,57
DA:61,27
DA:65,14
DA:68,1
DA:69,0
DA:70,0
DA:71,1
DA:72,0
DA:73,0
DA:74,0
DA:75,0
DA:76,0
DA:77,0
DA:78,0
DA:81,0
DA:85,0
DA:86,0
DA:88,0
DA:90,0
DA:92,1
DA:93,1
DA:94,1
DA:95,1
DA:96,1
DA:97,1
DA:99,0
DA:101,1
DA:102,3
DA:103,2
DA:104,2
DA:106,1
DA:108,1
DA:109,1
DA:110,1
DA:111,1
DA:113,0
DA:115,1
DA:116,1
DA:117,1
DA:118,1
DA:120,0
DA:122,1
DA:123,0
DA:125,1
DA:126,2
DA:128,1
DA:129,1
DA:131,1
DA:132,4
DA:134,1
DA:135,0
DA:137,1
DA:138,4
DA:139,4
DA:140,9
DA:141,3
DA:142,6
DA:143,2
DA:146,4
DA:148,1
DA:149,4
DA:150,4
DA:151,9
DA:152,3
DA:153,6
DA:154,6
DA:157,4
DA:159,1
DA:160,0
DA:161,0
DA:162,0
DA:163,0
DA:164,0
DA:165,0
DA:166,0
DA:168,0
DA:172,0
DA:174,1
DA:175,15
DA:176,7
DA:177,18
DA:178,18
DA:179,16
DA:180,16
DA:181,6
DA:183,10
DA:185,2
DA:186,1
DA:189,7
DA:191,1
DA:192,1
DA:194,1
DA:195,18
DA:196,18
DA:197,54
DA:198,54
DA:200,18
DA:203,1
DA:204,1
DA:205,1
DA:206,0
DA:207,0
DA:208,0
DA:209,0
DA:211,0
DA:213,0
DA:215,1
DA:216,0
DA:217,0
DA:218,0
DA:219,0
DA:221,0
DA:223,0
DA:225,1
DA:226,0
DA:227,0
DA:229,1
DA:230,2
DA:231,2
DA:233,1
DA:234,2
DA:235,2
DA:237,1
DA:238,5
DA:239,5
DA:241,1
DA:242,0
DA:244,1
DA:245,2
DA:247,1
DA:248,1
DA:250,1
DA:251,1
DA:253,1
DA:254,1
DA:256,1
DA:257,0
DA:259,1
DA:260,1
DA:262,1
DA:263,0
DA:265,1
DA:266,1
DA:269,1
DA:270,1
DA:271,1
DA:272,2
DA:274,1
DA:275,0
DA:277,1
DA:278,2
DA:280,1
DA:281,0
DA:283,1
DA:284,0
DA:286,1
DA:287,0
DA:289,1
DA:290,0
DA:292,1
DA:293,2
DA:295,1
DA:300,1
DA:301,4
DA:314,4
DA:316,25
DA:318,25
DA:322,4
DA:325,1
DA:326,1
DA:327,1
DA:328,0
DA:330,1
DA:331,2
DA:333,1
DA:334,0
DA:336,1
DA:337,0
DA:339,1
DA:340,1
DA:342,1
DA:343,0
DA:345,1
DA:346,0
DA:348,1
DA:349,0
DA:351,1
DA:352,0
DA:354,1
DA:355,0
DA:357,1
DA:358,4
DA:359,4
DA:361,1
DA:362,1
DA:364,1
DA:367,1
DA:368,1
DA:369,1
DA:370,1
DA:372,1
DA:373,0
DA:375,1
DA:376,2
DA:378,1
DA:379,0
DA:381,1
DA:382,0
DA:384,1
DA:385,0
DA:387,1
DA:388,0
DA:390,1
DA:391,1
DA:393,1
DA:394,4
DA:395,4
DA:397,1
DA:398,1
DA:400,1
DA:403,1
DA:404,16
DA:405,16
DA:406,16
DA:407,16
DA:408,16
DA:409,16
DA:410,16
DA:411,16
DA:412,16
DA:413,16
DA:414,16
DA:415,16
DA:416,16
DA:417,16
DA:418,16
DA:419,16
DA:421,1
DA:422,1
DA:423,1
DA:424,1
DA:425,1
DA:426,1
DA:427,1
DA:428,1
DA:429,1
DA:430,1
DA:431,1
DA:432,1
DA:433,0
DA:435,1
DA:436,0
DA:438,1
DA:439,8
DA:441,1
DA:442,0
DA:444,1
DA:445,0
DA:447,1
DA:448,0
DA:450,1
DA:451,0
DA:453,1
DA:454,0
DA:458,1
DA:460,1
DA:462,1
DA:464,1
DA:466,1
DA:468,1
DA:469,1
DA:471,0
DA:472,0
DA:474,0
DA:476,1
DA:478,1
DA:480,1
DA:485,1
DA:486,1
DA:487,1
DA:488,1
DA:489,1
DA:490,1
DA:491,1
DA:492,0
DA:494,0
DA:496,0
DA:497,0
DA:498,0
DA:499,0
DA:500,0
DA:501,0
LF:319
LH:236
BRDA:15,1,0,0
BRDA:15,1,1,15
BRDA:18,2,0,1
BRDA:18,2,1,14
BRDA:35,3,0,0
BRDA:35,3,1,29
BRDA:44,4,0,57
BRDA:44,4,1,30
BRDA:60,5,0,27
BRDA:60,5,1,30
BRDA:76,6,0,0
BRDA:76,6,1,0
BRDA:77,7,0,0
BRDA:77,7,1,0
BRDA:77,8,0,0
BRDA:77,8,1,0
BRDA:85,9,0,0
BRDA:85,9,1,0
BRDA:95,10,0,1
BRDA:95,10,1,0
BRDA:102,11,0,2
BRDA:102,11,1,1
BRDA:109,12,0,1
BRDA:109,12,1,0
BRDA:116,13,0,1
BRDA:116,13,1,0
BRDA:125,14,0,1
BRDA:125,14,1,0
BRDA:132,15,0,2
BRDA:132,15,1,2
BRDA:132,15,2,2
BRDA:135,16,0,0
BRDA:135,16,1,0
BRDA:135,16,2,0
BRDA:140,17,0,3
BRDA:140,17,1,6
BRDA:142,18,0,2
BRDA:142,18,1,4
BRDA:151,19,0,3
BRDA:151,19,1,6
BRDA:153,20,0,6
BRDA:153,20,1,0
BRDA:161,21,0,0
BRDA:161,21,1,0
BRDA:161,22,0,0
BRDA:161,22,1,0
BRDA:164,23,0,0
BRDA:164,23,1,0
BRDA:165,24,0,0
BRDA:165,24,1,0
BRDA:172,25,0,0
BRDA:172,25,1,0
BRDA:175,26,0,1
BRDA:175,26,1,6
BRDA:175,27,0,0
BRDA:175,27,1,1
BRDA:175,28,0,14
BRDA:175,28,1,1
BRDA:177,29,0,15
BRDA:177,29,1,3
BRDA:177,30,0,2
BRDA:177,30,1,1
BRDA:178,31,0,16
BRDA:178,31,1,2
BRDA:180,32,0,6
BRDA:180,32,1,10
BRDA:185,33,0,1
BRDA:185,33,1,1
BRDA:189,34,0,1
BRDA:189,34,1,6
BRDA:206,35,0,0
BRDA:206,35,1,0
BRDA:208,36,0,0
BRDA:208,36,1,0
BRDA:216,37,0,0
BRDA:216,37,1,0
BRDA:218,38,0,0
BRDA:218,38,1,0
BRDA:226,39,0,0
BRDA:226,39,1,0
BRDA:230,40,0,1
BRDA:230,40,1,1
BRDA:234,41,0,1
BRDA:234,41,1,1
BRDA:238,42,0,1
BRDA:238,42,1,4
BRDA:239,43,0,5
BRDA:239,43,1,5
BRDA:245,44,0,2
BRDA:245,44,1,2
BRDA:245,44,2,2
BRDA:248,45,0,1
BRDA:248,45,1,1
BRDA:248,45,2,1
BRDA:318,46,0,4
BRDA:318,46,1,21
BRDA:359,47,0,4
BRDA:359,47,1,2
BRDA:359,47,2,2
BRDA:359,47,3,1
BRDA:395,48,0,4
BRDA:395,48,1,2
BRDA:395,48,2,2
BRDA:395,48,3,1
BRDA:406,49,0,12
BRDA:406,49,1,4
BRDA:407,50,0,10
BRDA:407,50,1,6
BRDA:408,51,0,8
BRDA:408,51,1,8
BRDA:409,52,0,6
BRDA:409,52,1,10
BRDA:410,53,0,4
BRDA:410,53,1,12
BRDA:411,54,0,2
BRDA:411,54,1,14
BRDA:468,55,0,1
BRDA:468,55,1,0
BRDA:471,56,0,0
BRDA:471,56,1,0
BRDA:474,57,0,0
BRDA:474,57,1,0
BRDA:485,58,0,1
BRDA:485,58,1,0
BRDA:485,59,0,1
BRDA:485,59,1,1
BRDA:492,60,0,0
BRDA:492,60,1,0
BRDA:492,61,0,0
BRDA:492,61,1,0
BRF:130
BRH:81
end_of_record
